# JRE version: Java(TM) SE Runtime Environment (20.0.2+9) (build 20.0.2+9-78)
# Java VM: Java HotSpot(TM) 64-Bit Server VM (20.0.2+9-78, mixed mode, sharing, tiered, compressed oops, compressed class ptrs, g1 gc, windows-amd64)
GC Precious Log:
 CardTable entry size: 512
 Card Set container configuration: InlinePtr #cards 5 size 8 Array Of Cards #cards 12 size 40 Howl #buckets 4 coarsen threshold 1843 Howl Bitmap #cards 512 size 80 coarsen threshold 460 Card regions per heap region 1 cards per card region 2048
 CPUs: 8 total, 8 available
 Memory: 8039M
 Large Page Support: Disabled
 NUMA Support: Disabled
 Compressed Oops: Enabled (32-bit)
 Heap Region Size: 1M
 Heap Min Capacity: 8M
 Heap Initial Capacity: 126M
 Heap Max Capacity: 2010M
 Pre-touch: Disabled
 Parallel Workers: 8
 Concurrent Workers: 2
 Concurrent Refinement Workers: 8
 Periodic GC: Disabled
Heap:
 garbage-first heap   total 113664K, used 59016K [0x0000000082600000, 0x0000000100000000)
  region size 1024K, 11 young (11264K), 4 survivors (4096K)
 Metaspace       used 95638K, committed 96704K, reserved 1179648K
  class space    used 12504K, committed 12992K, reserved 1048576K
GC Heap History (20 events):
Event: 99.078 GC heap before
{Heap before GC invocations=33 (full 0):
 garbage-first heap   total 113664K, used 101561K [0x0000000082600000, 0x0000000100000000)
  region size 1024K, 51 young (52224K), 4 survivors (4096K)
 Metaspace       used 94039K, committed 95040K, reserved 1179648K
  class space    used 12421K, committed 12864K, reserved 1048576K
}
Event: 99.081 GC heap after
{Heap after GC invocations=34 (full 0):
 garbage-first heap   total 113664K, used 53182K [0x0000000082600000, 0x0000000100000000)
  region size 1024K, 4 young (4096K), 4 survivors (4096K)
 Metaspace       used 94039K, committed 95040K, reserved 1179648K
  class space    used 12421K, committed 12864K, reserved 1048576K
}
Event: 114.116 GC heap before
{Heap before GC invocations=34 (full 0):
 garbage-first heap   total 113664K, used 101310K [0x0000000082600000, 0x0000000100000000)
  region size 1024K, 51 young (52224K), 4 survivors (4096K)
 Metaspace       used 94127K, committed 95168K, reserved 1179648K
  class space    used 12432K, committed 12864K, reserved 1048576K
}
Event: 114.123 GC heap after
{Heap after GC invocations=35 (full 0):
 garbage-first heap   total 113664K, used 53012K [0x0000000082600000, 0x0000000100000000)
  region size 1024K, 4 young (4096K), 4 survivors (4096K)
 Metaspace       used 94127K, committed 95168K, reserved 1179648K
  class space    used 12432K, committed 12864K, reserved 1048576K
}
Event: 129.138 GC heap before
{Heap before GC invocations=35 (full 0):
 garbage-first heap   total 113664K, used 100116K [0x0000000082600000, 0x0000000100000000)
  region size 1024K, 51 young (52224K), 4 survivors (4096K)
 Metaspace       used 94682K, committed 95680K, reserved 1179648K
  class space    used 12492K, committed 12928K, reserved 1048576K
}
Event: 129.144 GC heap after
{Heap after GC invocations=36 (full 0):
 garbage-first heap   total 113664K, used 53300K [0x0000000082600000, 0x0000000100000000)
  region size 1024K, 4 young (4096K), 4 survivors (4096K)
 Metaspace       used 94682K, committed 95680K, reserved 1179648K
  class space    used 12492K, committed 12928K, reserved 1048576K
}
Event: 143.594 GC heap before
{Heap before GC invocations=37 (full 0):
 garbage-first heap   total 113664K, used 100404K [0x0000000082600000, 0x0000000100000000)
  region size 1024K, 51 young (52224K), 4 survivors (4096K)
 Metaspace       used 94907K, committed 95872K, reserved 1179648K
  class space    used 12493K, committed 12928K, reserved 1048576K
}
Event: 143.598 GC heap after
{Heap after GC invocations=38 (full 0):
 garbage-first heap   total 113664K, used 53495K [0x0000000082600000, 0x0000000100000000)
  region size 1024K, 4 young (4096K), 4 survivors (4096K)
 Metaspace       used 94907K, committed 95872K, reserved 1179648K
  class space    used 12493K, committed 12928K, reserved 1048576K
}
Event: 151.535 GC heap before
{Heap before GC invocations=38 (full 0):
 garbage-first heap   total 113664K, used 100599K [0x0000000082600000, 0x0000000100000000)
  region size 1024K, 51 young (52224K), 4 survivors (4096K)
 Metaspace       used 95030K, committed 96064K, reserved 1179648K
  class space    used 12498K, committed 12928K, reserved 1048576K
}
Event: 151.542 GC heap after
{Heap after GC invocations=39 (full 0):
 garbage-first heap   total 113664K, used 53739K [0x0000000082600000, 0x0000000100000000)
  region size 1024K, 5 young (5120K), 5 survivors (5120K)
 Metaspace       used 95030K, committed 96064K, reserved 1179648K
  class space    used 12498K, committed 12928K, reserved 1048576K
}
Event: 155.734 GC heap before
{Heap before GC invocations=39 (full 0):
 garbage-first heap   total 113664K, used 99819K [0x0000000082600000, 0x0000000100000000)
  region size 1024K, 51 young (52224K), 5 survivors (5120K)
 Metaspace       used 95292K, committed 96320K, reserved 1179648K
  class space    used 12501K, committed 12992K, reserved 1048576K
}
Event: 155.738 GC heap after
{Heap after GC invocations=40 (full 0):
 garbage-first heap   total 113664K, used 54304K [0x0000000082600000, 0x0000000100000000)
  region size 1024K, 4 young (4096K), 4 survivors (4096K)
 Metaspace       used 95292K, committed 96320K, reserved 1179648K
  class space    used 12501K, committed 12992K, reserved 1048576K
}
Event: 159.129 GC heap before
{Heap before GC invocations=41 (full 0):
 garbage-first heap   total 113664K, used 101408K [0x0000000082600000, 0x0000000100000000)
  region size 1024K, 50 young (51200K), 4 survivors (4096K)
 Metaspace       used 95354K, committed 96384K, reserved 1179648K
  class space    used 12501K, committed 12992K, reserved 1048576K
}
Event: 159.132 GC heap after
{Heap after GC invocations=42 (full 0):
 garbage-first heap   total 113664K, used 53429K [0x0000000082600000, 0x0000000100000000)
  region size 1024K, 4 young (4096K), 4 survivors (4096K)
 Metaspace       used 95354K, committed 96384K, reserved 1179648K
  class space    used 12501K, committed 12992K, reserved 1048576K
}
Event: 179.091 GC heap before
{Heap before GC invocations=42 (full 0):
 garbage-first heap   total 113664K, used 100533K [0x0000000082600000, 0x0000000100000000)
  region size 1024K, 50 young (51200K), 4 survivors (4096K)
 Metaspace       used 95381K, committed 96384K, reserved 1179648K
  class space    used 12501K, committed 12992K, reserved 1048576K
}
Event: 179.097 GC heap after
{Heap after GC invocations=43 (full 0):
 garbage-first heap   total 113664K, used 52953K [0x0000000082600000, 0x0000000100000000)
  region size 1024K, 4 young (4096K), 4 survivors (4096K)
 Metaspace       used 95381K, committed 96384K, reserved 1179648K
  class space    used 12501K, committed 12992K, reserved 1048576K
}
Event: 193.609 GC heap before
{Heap before GC invocations=43 (full 0):
 garbage-first heap   total 113664K, used 101081K [0x0000000082600000, 0x0000000100000000)
  region size 1024K, 51 young (52224K), 4 survivors (4096K)
 Metaspace       used 95457K, committed 96448K, reserved 1179648K
  class space    used 12503K, committed 12992K, reserved 1048576K
}
Event: 193.638 GC heap after
{Heap after GC invocations=44 (full 0):
 garbage-first heap   total 113664K, used 53465K [0x0000000082600000, 0x0000000100000000)
  region size 1024K, 4 young (4096K), 4 survivors (4096K)
 Metaspace       used 95457K, committed 96448K, reserved 1179648K
  class space    used 12503K, committed 12992K, reserved 1048576K
}
Event: 195.434 GC heap before
{Heap before GC invocations=45 (full 0):
 garbage-first heap   total 113664K, used 100569K [0x0000000082600000, 0x0000000100000000)
  region size 1024K, 51 young (52224K), 4 survivors (4096K)
 Metaspace       used 95609K, committed 96640K, reserved 1179648K
  class space    used 12504K, committed 12992K, reserved 1048576K
}
Event: 195.440 GC heap after
{Heap after GC invocations=46 (full 0):
 garbage-first heap   total 113664K, used 53896K [0x0000000082600000, 0x0000000100000000)
  region size 1024K, 4 young (4096K), 4 survivors (4096K)
 Metaspace       used 95609K, committed 96640K, reserved 1179648K
  class space    used 12504K, committed 12992K, reserved 1048576K
}

